<?xml version="1.0" encoding="UTF-8"?>
<testsuite xmlns:xsi="http://www.w3.org/2001/XMLSchema-instance" xsi:noNamespaceSchemaLocation="https://maven.apache.org/surefire/maven-surefire-plugin/xsd/surefire-test-report-3.0.xsd" version="3.0" name="TestSuite" time="4.777" tests="1" errors="0" skipped="0" failures="0">
  <properties>
[...]
</properties>
  <testcase name="runScenario[&quot;As Google user, I need to get only iphone 13 when i will search for iphone 13&quot;, &quot;Testing google search function&quot;](1)" classname="com.cucumber.CucumberRunner" time="3.886">
    <system-out><![CDATA[Search Options =florida pastor home depot theft ring
Test pass
Search Options =Apple iPhone 13 Pro Max
Test pass
Search Options =iPhone 13 Pro
Test pass
Search Options =Apple iPhone 13 Mini
Test pass
Search Options =iphone 13 case
Test pass
Search Options =iphone 13 price
Test pass
Search Options =iphone 13 colors
Test pass
Search Options =iphone 13 vs 14
Test pass
Search Options =iphone 13 pro case
Test pass
Search Options =iphone 13 pro max case
Test pass
Search Options =
Test fail
]]></system-out>
    <system-err><![CDATA[SLF4J: Failed to load class "org.slf4j.impl.StaticLoggerBinder".
SLF4J: Defaulting to no-operation (NOP) logger implementation
SLF4J: See http://www.slf4j.org/codes.html#StaticLoggerBinder for further details.
Oct 10, 2023 12:13:18 PM org.openqa.selenium.devtools.CdpVersionFinder findNearestMatch
WARNING: Unable to find an exact match for CDP version 117, so returning the closest version found: 116
]]></system-err>
  </testcase>
</testsuite>