<?xml version="1.0" encoding="UTF-8"?>
<testng-results ignored="0" total="1" passed="1" failed="0" skipped="0">
  <reporter-output>
  </reporter-output>
  <suite started-at="2023-10-10T12:13:16 EDT" name="Suite" finished-at="2023-10-10T12:13:20 EDT" duration-ms="4344">
    <groups>
      <group name="cucumber">
        <method signature="AbstractTestNGCucumberTests.runScenario(io.cucumber.testng.PickleWrapper,io.cucumber.testng.FeatureWrapper)[pri:0, instance:com.cucumber.CucumberRunner@70e9c95d]" name="runScenario" class="io.cucumber.testng.AbstractTestNGCucumberTests"/>
      </group> <!-- cucumber -->
    </groups>
    <test started-at="2023-10-10T12:13:16 EDT" name="Test" finished-at="2023-10-10T12:13:20 EDT" duration-ms="4344">
      <class name="com.cucumber.CucumberRunner">
        <test-method is-config="true" signature="setUpClass(org.testng.ITestContext)[pri:0, instance:com.cucumber.CucumberRunner@70e9c95d]" started-at="2023-10-10T12:13:16 EDT" name="setUpClass" finished-at="2023-10-10T12:13:16 EDT" duration-ms="254" status="PASS">
          <params>
            <param index="0">
              <value>
                <![CDATA[org.testng.TestRunner@5807efad]]>
              </value>
            </param>
          </params>
          <reporter-output>
          </reporter-output>
        </test-method> <!-- setUpClass -->
        <test-method signature="runScenario(io.cucumber.testng.PickleWrapper,io.cucumber.testng.FeatureWrapper)[pri:0, instance:com.cucumber.CucumberRunner@70e9c95d]" started-at="2023-10-10T12:13:16 EDT" name="runScenario" description="Runs Cucumber Scenarios" data-provider="scenarios" finished-at="2023-10-10T12:13:20 EDT" duration-ms="3887" status="PASS">
          <params>
            <param index="0">
              <value>
                <![CDATA["As Google user, I need to get only iphone 13 when i will search for iphone 13"]]>
              </value>
            </param>
            <param index="1">
              <value>
                <![CDATA["Testing google search function"]]>
              </value>
            </param>
          </params>
          <reporter-output>
          </reporter-output>
        </test-method> <!-- runScenario -->
        <test-method is-config="true" signature="tearDownClass()[pri:0, instance:com.cucumber.CucumberRunner@70e9c95d]" started-at="2023-10-10T12:13:20 EDT" name="tearDownClass" finished-at="2023-10-10T12:13:20 EDT" duration-ms="178" status="PASS">
          <reporter-output>
          </reporter-output>
        </test-method> <!-- tearDownClass -->
      </class> <!-- com.cucumber.CucumberRunner -->
    </test> <!-- Test -->
  </suite> <!-- Suite -->
</testng-results>
